  Block.cpp
  GameObject.cpp
c:\users\aodwald\desktop\university work (18-19)\semester 1\programming\dac526-ae2\vector2.h(10): warning C4227: anachronism used: qualifiers on reference are ignored
c:\users\aodwald\desktop\university work (18-19)\semester 1\programming\dac526-ae2\component.h(6): error C2011: 'Component': 'class' type redefinition
  c:\users\aodwald\desktop\university work (18-19)\semester 1\programming\dac526-ae2\component.h(5): note: see declaration of 'Component'
c:\users\aodwald\desktop\university work (18-19)\semester 1\programming\dac526-ae2\block.h(6): error C2504: 'Component': base class undefined
c:\users\aodwald\desktop\university work (18-19)\semester 1\programming\dac526-ae2\block.h(10): error C3668: 'Block::Spawn': method with override specifier 'override' did not override any base class methods
c:\users\aodwald\desktop\university work (18-19)\semester 1\programming\dac526-ae2\block.h(11): error C3668: 'Block::Update': method with override specifier 'override' did not override any base class methods
c:\users\aodwald\desktop\university work (18-19)\semester 1\programming\dac526-ae2\block.h(12): error C3668: 'Block::Destroy': method with override specifier 'override' did not override any base class methods
  Source.cpp
c:\users\aodwald\desktop\university work (18-19)\semester 1\programming\dac526-ae2\vector2.h(10): warning C4227: anachronism used: qualifiers on reference are ignored
c:\users\aodwald\desktop\university work (18-19)\semester 1\programming\dac526-ae2\component.h(6): error C2011: 'Component': 'class' type redefinition
  c:\users\aodwald\desktop\university work (18-19)\semester 1\programming\dac526-ae2\component.h(5): note: see declaration of 'Component'
c:\users\aodwald\desktop\university work (18-19)\semester 1\programming\dac526-ae2\block.h(6): error C2504: 'Component': base class undefined
c:\users\aodwald\desktop\university work (18-19)\semester 1\programming\dac526-ae2\block.h(10): error C3668: 'Block::Spawn': method with override specifier 'override' did not override any base class methods
c:\users\aodwald\desktop\university work (18-19)\semester 1\programming\dac526-ae2\block.h(11): error C3668: 'Block::Update': method with override specifier 'override' did not override any base class methods
c:\users\aodwald\desktop\university work (18-19)\semester 1\programming\dac526-ae2\block.h(12): error C3668: 'Block::Destroy': method with override specifier 'override' did not override any base class methods
c:\users\aodwald\desktop\university work (18-19)\semester 1\programming\dac526-ae2\spriterenderer.h(7): error C2504: 'Component': base class undefined
c:\users\aodwald\desktop\university work (18-19)\semester 1\programming\dac526-ae2\spriterenderer.h(11): error C3668: 'SpriteRenderer::Spawn': method with override specifier 'override' did not override any base class methods
c:\users\aodwald\desktop\university work (18-19)\semester 1\programming\dac526-ae2\spriterenderer.h(12): error C3668: 'SpriteRenderer::Update': method with override specifier 'override' did not override any base class methods
c:\users\aodwald\desktop\university work (18-19)\semester 1\programming\dac526-ae2\spriterenderer.h(13): error C3668: 'SpriteRenderer::Destroy': method with override specifier 'override' did not override any base class methods
c:\users\aodwald\desktop\university work (18-19)\semester 1\programming\dac526-ae2\source.cpp(11): warning C4244: 'argument': conversion from 'time_t' to 'unsigned int', possible loss of data
c:\users\aodwald\desktop\university work (18-19)\semester 1\programming\dac526-ae2\source.cpp(25): error C2039: 'M_id': is not a member of 'SpriteRenderer'
  c:\users\aodwald\desktop\university work (18-19)\semester 1\programming\dac526-ae2\spriterenderer.h(6): note: see declaration of 'SpriteRenderer'
c:\users\aodwald\desktop\university work (18-19)\semester 1\programming\dac526-ae2\source.cpp(26): error C2039: 'M_id': is not a member of 'Block'
  c:\users\aodwald\desktop\university work (18-19)\semester 1\programming\dac526-ae2\block.h(5): note: see declaration of 'Block'
  Generating Code...
